"C:/Users/Levi/Documents/Unreal Projects/Roguelike/Content/Blueprints/PlayerInfoSaveData.uasset" 0
"C:/Users/Levi/Documents/Unreal Projects/Roguelike/Content/Blueprints/PlayerInfoSaveData.uexp" 1
"C:/Users/Levi/Documents/Unreal Projects/Roguelike/Content/Blueprints/Menus/UI_Widgets/EmptyMenu_W.uasset" 2
"C:/Users/Levi/Documents/Unreal Projects/Roguelike/Content/Blueprints/Menus/UI_Widgets/EmptyMenu_W.uexp" 3
"C:/Users/Levi/Documents/Unreal Projects/Roguelike/Content/Character/SpriteSheets/Prototype_Character.uasset" 4
"C:/Users/Levi/Documents/Unreal Projects/Roguelike/Content/Character/SpriteSheets/Prototype_Character.uexp" 5
"C:/Users/Levi/Documents/Unreal Projects/Roguelike/Content/Character/SpriteSheets/Prototype_Character_Sprite_15.uasset" 6
"C:/Users/Levi/Documents/Unreal Projects/Roguelike/Content/Character/SpriteSheets/Prototype_Character_Sprite_15.uexp" 7
"C:/Users/Levi/Documents/Unreal Projects/Roguelike/Content/Character/SpriteSheets/Prototype_Character_Sprite_14.uasset" 8
"C:/Users/Levi/Documents/Unreal Projects/Roguelike/Content/Character/SpriteSheets/Prototype_Character_Sprite_14.uexp" 9
"C:/Users/Levi/Documents/Unreal Projects/Roguelike/Content/Character/SpriteSheets/Prototype_Character_Sprite_13.uasset" 10
"C:/Users/Levi/Documents/Unreal Projects/Roguelike/Content/Character/SpriteSheets/Prototype_Character_Sprite_13.uexp" 11
"C:/Users/Levi/Documents/Unreal Projects/Roguelike/Content/Character/SpriteSheets/Prototype_Character_Sprite_12.uasset" 12
"C:/Users/Levi/Documents/Unreal Projects/Roguelike/Content/Character/SpriteSheets/Prototype_Character_Sprite_12.uexp" 13
"C:/Users/Levi/Documents/Unreal Projects/Roguelike/Content/Character/Animations/WALK_DOWN_Anim.uasset" 14
"C:/Users/Levi/Documents/Unreal Projects/Roguelike/Content/Character/Animations/WALK_DOWN_Anim.uexp" 15
"C:/Users/Levi/Documents/Unreal Projects/Roguelike/Content/Character/SpriteSheets/Prototype_Character_Rev.uasset" 16
"C:/Users/Levi/Documents/Unreal Projects/Roguelike/Content/Character/SpriteSheets/Prototype_Character_Rev.uexp" 17
"C:/Users/Levi/Documents/Unreal Projects/Roguelike/Content/Character/SpriteSheets/Prototype_Character_Rev_REVSprite_19.uasset" 18
"C:/Users/Levi/Documents/Unreal Projects/Roguelike/Content/Character/SpriteSheets/Prototype_Character_Rev_REVSprite_19.uexp" 19
"C:/Users/Levi/Documents/Unreal Projects/Roguelike/Content/Character/SpriteSheets/Prototype_Character_Rev_REVSprite_18.uasset" 20
"C:/Users/Levi/Documents/Unreal Projects/Roguelike/Content/Character/SpriteSheets/Prototype_Character_Rev_REVSprite_18.uexp" 21
"C:/Users/Levi/Documents/Unreal Projects/Roguelike/Content/Character/SpriteSheets/Prototype_Character_Rev_REVSprite_17.uasset" 22
"C:/Users/Levi/Documents/Unreal Projects/Roguelike/Content/Character/SpriteSheets/Prototype_Character_Rev_REVSprite_17.uexp" 23
"C:/Users/Levi/Documents/Unreal Projects/Roguelike/Content/Character/SpriteSheets/Prototype_Character_Rev_REVSprite_16.uasset" 24
"C:/Users/Levi/Documents/Unreal Projects/Roguelike/Content/Character/SpriteSheets/Prototype_Character_Rev_REVSprite_16.uexp" 25
"C:/Users/Levi/Documents/Unreal Projects/Roguelike/Content/Character/Animations/WALK_LEFT_Anim.uasset" 26
"C:/Users/Levi/Documents/Unreal Projects/Roguelike/Content/Character/Animations/WALK_LEFT_Anim.uexp" 27
"C:/Users/Levi/Documents/Unreal Projects/Roguelike/Content/Character/SpriteSheets/Prototype_Character_Sprite_19.uasset" 28
"C:/Users/Levi/Documents/Unreal Projects/Roguelike/Content/Character/SpriteSheets/Prototype_Character_Sprite_19.uexp" 29
"C:/Users/Levi/Documents/Unreal Projects/Roguelike/Content/Character/SpriteSheets/Prototype_Character_Sprite_18.uasset" 30
"C:/Users/Levi/Documents/Unreal Projects/Roguelike/Content/Character/SpriteSheets/Prototype_Character_Sprite_18.uexp" 31
"C:/Users/Levi/Documents/Unreal Projects/Roguelike/Content/Character/SpriteSheets/Prototype_Character_Sprite_17.uasset" 32
"C:/Users/Levi/Documents/Unreal Projects/Roguelike/Content/Character/SpriteSheets/Prototype_Character_Sprite_17.uexp" 33
"C:/Users/Levi/Documents/Unreal Projects/Roguelike/Content/Character/SpriteSheets/Prototype_Character_Sprite_16.uasset" 34
"C:/Users/Levi/Documents/Unreal Projects/Roguelike/Content/Character/SpriteSheets/Prototype_Character_Sprite_16.uexp" 35
"C:/Users/Levi/Documents/Unreal Projects/Roguelike/Content/Character/Animations/WALK_RIGHT_Anim.uasset" 36
"C:/Users/Levi/Documents/Unreal Projects/Roguelike/Content/Character/Animations/WALK_RIGHT_Anim.uexp" 37
"C:/Users/Levi/Documents/Unreal Projects/Roguelike/Content/Character/SpriteSheets/Prototype_Character_Sprite_23.uasset" 38
"C:/Users/Levi/Documents/Unreal Projects/Roguelike/Content/Character/SpriteSheets/Prototype_Character_Sprite_23.uexp" 39
"C:/Users/Levi/Documents/Unreal Projects/Roguelike/Content/Character/SpriteSheets/Prototype_Character_Sprite_22.uasset" 40
"C:/Users/Levi/Documents/Unreal Projects/Roguelike/Content/Character/SpriteSheets/Prototype_Character_Sprite_22.uexp" 41
"C:/Users/Levi/Documents/Unreal Projects/Roguelike/Content/Character/SpriteSheets/Prototype_Character_Sprite_21.uasset" 42
"C:/Users/Levi/Documents/Unreal Projects/Roguelike/Content/Character/SpriteSheets/Prototype_Character_Sprite_21.uexp" 43
"C:/Users/Levi/Documents/Unreal Projects/Roguelike/Content/Character/SpriteSheets/Prototype_Character_Sprite_20.uasset" 44
"C:/Users/Levi/Documents/Unreal Projects/Roguelike/Content/Character/SpriteSheets/Prototype_Character_Sprite_20.uexp" 45
"C:/Users/Levi/Documents/Unreal Projects/Roguelike/Content/Character/Animations/WALK_UP_Anim.uasset" 46
"C:/Users/Levi/Documents/Unreal Projects/Roguelike/Content/Character/Animations/WALK_UP_Anim.uexp" 47
"C:/Users/Levi/Documents/Unreal Projects/Roguelike/Content/Character/SpriteSheets/Prototype_Character_Sprite_24.uasset" 48
"C:/Users/Levi/Documents/Unreal Projects/Roguelike/Content/Character/SpriteSheets/Prototype_Character_Sprite_24.uexp" 49
"C:/Users/Levi/Documents/Unreal Projects/Roguelike/Content/Character/SpriteSheets/Prototype_Character_Sprite_25.uasset" 50
"C:/Users/Levi/Documents/Unreal Projects/Roguelike/Content/Character/SpriteSheets/Prototype_Character_Sprite_25.uexp" 51
"../../../Engine/Content/EngineMaterials/T_Default_Material_Grid_N.uasset" 52
"../../../Engine/Content/EngineMaterials/T_Default_Material_Grid_N.uexp" 53
"../../../Engine/Content/EngineMaterials/T_Default_Material_Grid_N.ubulk" 54
"../../../Engine/Content/EngineMaterials/T_Default_Material_Grid_M.uasset" 55
"../../../Engine/Content/EngineMaterials/T_Default_Material_Grid_M.uexp" 56
"../../../Engine/Content/EngineMaterials/T_Default_Material_Grid_M.ubulk" 57
"../../../Engine/Content/Functions/Engine_MaterialFunctions01/Opacity/CameraDepthFade.uasset" 58
"../../../Engine/Content/Functions/Engine_MaterialFunctions01/Opacity/CameraDepthFade.uexp" 59
"../../../Engine/Content/EngineMaterials/WorldGridMaterial.uasset" 60
"../../../Engine/Content/EngineMaterials/WorldGridMaterial.uexp" 61
"../../../Engine/Content/ArtTools/RenderToTexture/Meshes/S_1_Unit_Plane.uasset" 62
"../../../Engine/Content/ArtTools/RenderToTexture/Meshes/S_1_Unit_Plane.uexp" 63
"../../../Engine/Content/EngineMaterials/DefaultMaterial.uasset" 64
"../../../Engine/Content/EngineMaterials/DefaultMaterial.uexp" 65
"../../../Engine/Content/BasicShapes/Cone.uasset" 66
"../../../Engine/Content/BasicShapes/Cone.uexp" 67
"../../../Engine/Content/BasicShapes/Cube.uasset" 68
"../../../Engine/Content/BasicShapes/Cube.uexp" 69
"../../../Engine/Content/BasicShapes/Plane.uasset" 70
"../../../Engine/Content/BasicShapes/Plane.uexp" 71
"../../../Engine/Content/BasicShapes/Sphere.uasset" 72
"../../../Engine/Content/BasicShapes/Sphere.uexp" 73
"../../../Engine/Content/EditorLandscapeResources/DataLayer.uasset" 74
"../../../Engine/Content/EditorLandscapeResources/DataLayer.uexp" 75
"../../../Engine/Content/EditorLandscapeResources/DefaultAlphaTexture.uasset" 76
"../../../Engine/Content/EditorLandscapeResources/DefaultAlphaTexture.uexp" 77
"../../../Engine/Content/EditorMaterials/MAT_Groups_Toggle.uasset" 78
"../../../Engine/Content/EditorMaterials/MAT_Groups_Toggle.uexp" 79
"../../../Engine/Content/EditorMaterials/MAT_Groups_Visibility.uasset" 80
"../../../Engine/Content/EditorMaterials/MAT_Groups_Visibility.uexp" 81
"../../../Engine/Content/EditorMaterials/PreviewShadowIndicator.uasset" 82
"../../../Engine/Content/EditorMaterials/PreviewShadowIndicator.uexp" 83
"../../../Engine/Content/EditorMaterials/PreviewShadowIndicator.ubulk" 84
"../../../Engine/Content/EditorMaterials/PreviewShadowIndicatorMaterial.uasset" 85
"../../../Engine/Content/EditorMaterials/PreviewShadowIndicatorMaterial.uexp" 86
"../../../Engine/Content/EditorMaterials/MatineeGroups/MAT_ColorTrack.uasset" 87
"../../../Engine/Content/EditorMaterials/MatineeGroups/MAT_ColorTrack.uexp" 88
"../../../Engine/Content/EditorMaterials/MatineeGroups/MAT_Groups_Anim.uasset" 89
"../../../Engine/Content/EditorMaterials/MatineeGroups/MAT_Groups_Anim.uexp" 90
"../../../Engine/Content/EditorMaterials/MatineeGroups/MAT_Groups_AudioMaster.uasset" 91
"../../../Engine/Content/EditorMaterials/MatineeGroups/MAT_Groups_AudioMaster.uexp" 92
"../../../Engine/Content/EditorMaterials/MatineeGroups/MAT_Groups_Director.uasset" 93
"../../../Engine/Content/EditorMaterials/MatineeGroups/MAT_Groups_Director.uexp" 94
"../../../Engine/Content/EditorMaterials/MatineeGroups/MAT_Groups_Event.uasset" 95
"../../../Engine/Content/EditorMaterials/MatineeGroups/MAT_Groups_Event.uexp" 96
"../../../Engine/Content/EditorMaterials/MatineeGroups/MAT_Groups_Fade.uasset" 97
"../../../Engine/Content/EditorMaterials/MatineeGroups/MAT_Groups_Fade.uexp" 98
"../../../Engine/Content/EditorMaterials/MatineeGroups/MAT_Groups_Float.uasset" 99
"../../../Engine/Content/EditorMaterials/MatineeGroups/MAT_Groups_Float.uexp" 100
"../../../Engine/Content/EditorMaterials/MatineeGroups/MAT_Groups_Move.uasset" 101
"../../../Engine/Content/EditorMaterials/MatineeGroups/MAT_Groups_Move.uexp" 102
"../../../Engine/Content/EditorMaterials/MatineeGroups/MAT_Groups_Slomo.uasset" 103
"../../../Engine/Content/EditorMaterials/MatineeGroups/MAT_Groups_Slomo.uexp" 104
"../../../Engine/Content/EditorMaterials/MatineeGroups/MAT_Groups_Sound.uasset" 105
"../../../Engine/Content/EditorMaterials/MatineeGroups/MAT_Groups_Sound.uexp" 106
"../../../Engine/Content/EditorMaterials/MatineeGroups/MAT_Groups_Vector.uasset" 107
"../../../Engine/Content/EditorMaterials/MatineeGroups/MAT_Groups_Vector.uexp" 108
"../../../Engine/Content/EditorMaterials/ParticleSystems/PSysThumbnail_NoImage.uasset" 109
"../../../Engine/Content/EditorMaterials/ParticleSystems/PSysThumbnail_NoImage.uexp" 110
"../../../Engine/Content/EditorMaterials/ParticleSystems/PSysThumbnail_NoImage.ubulk" 111
"../../../Engine/Content/EditorMaterials/ParticleSystems/PSysThumbnail_OOD.uasset" 112
"../../../Engine/Content/EditorMaterials/ParticleSystems/PSysThumbnail_OOD.uexp" 113
"../../../Engine/Content/EditorMaterials/ParticleSystems/PSysThumbnail_OOD.ubulk" 114
"../../../Engine/Content/EditorMaterials/Camera/CineMat.uasset" 115
"../../../Engine/Content/EditorMaterials/Camera/CineMat.uexp" 116
"../../../Engine/Content/EditorMaterials/Camera/MI_CineMat_Rig.uasset" 117
"../../../Engine/Content/EditorMaterials/Camera/MI_CineMat_Rig.uexp" 118
"../../../Engine/Content/EditorMeshes/Camera/SM_CraneRig_Arm.uasset" 119
"../../../Engine/Content/EditorMeshes/Camera/SM_CraneRig_Arm.uexp" 120
"../../../Engine/Content/EditorMeshes/Camera/SM_CraneRig_Base.uasset" 121
"../../../Engine/Content/EditorMeshes/Camera/SM_CraneRig_Base.uexp" 122
"../../../Engine/Content/EditorMeshes/Camera/SM_CraneRig_Body.uasset" 123
"../../../Engine/Content/EditorMeshes/Camera/SM_CraneRig_Body.uexp" 124
"../../../Engine/Content/EditorMeshes/Camera/SM_CraneRig_Mount.uasset" 125
"../../../Engine/Content/EditorMeshes/Camera/SM_CraneRig_Mount.uexp" 126
"../../../Engine/Content/EditorMeshes/Camera/SM_RailRig_Mount.uasset" 127
"../../../Engine/Content/EditorMeshes/Camera/SM_RailRig_Mount.uexp" 128
"../../../Engine/Content/EditorMeshes/Camera/SM_RailRig_Track.uasset" 129
"../../../Engine/Content/EditorMeshes/Camera/SM_RailRig_Track.uexp" 130
"../../../Engine/Content/EditorResources/BSPVertex.uasset" 131
"../../../Engine/Content/EditorResources/BSPVertex.uexp" 132
"../../../Engine/Content/EditorResources/S_Actor.uasset" 133
"../../../Engine/Content/EditorResources/S_Actor.uexp" 134
"../../../Engine/Content/EditorResources/S_Actor.ubulk" 135
"../../../Engine/Content/EditorResources/S_Note.uasset" 136
"../../../Engine/Content/EditorResources/S_Note.uexp" 137
"../../../Engine/Content/EditorResources/S_Note.ubulk" 138
"../../../Engine/Content/EditorResources/S_Solver.uasset" 139
"../../../Engine/Content/EditorResources/S_Solver.uexp" 140
"../../../Engine/Content/EditorResources/S_Solver.ubulk" 141
"../../../Engine/Content/EditorResources/S_Terrain.uasset" 142
"../../../Engine/Content/EditorResources/S_Terrain.uexp" 143
"../../../Engine/Content/EditorResources/S_Terrain.ubulk" 144
"../../../Engine/Content/EditorResources/S_Trigger.uasset" 145
"../../../Engine/Content/EditorResources/S_Trigger.uexp" 146
"../../../Engine/Content/EditorResources/S_Trigger.ubulk" 147
"../../../Engine/Content/EditorResources/SequenceRecorder/Countdown.uasset" 148
"../../../Engine/Content/EditorResources/SequenceRecorder/Countdown.uexp" 149
"../../../Engine/Content/EditorResources/SequenceRecorder/RecordingIndicator.uasset" 150
"../../../Engine/Content/EditorResources/SequenceRecorder/RecordingIndicator.uexp" 151
"../../../Engine/Content/EngineDamageTypes/DmgTypeBP_Environmental.uasset" 152
"../../../Engine/Content/EngineDamageTypes/DmgTypeBP_Environmental.uexp" 153
"../../../Engine/Content/EngineDebugMaterials/DebugEditorMaterial.uasset" 154
"../../../Engine/Content/EngineDebugMaterials/DebugEditorMaterial.uexp" 155
"../../../Engine/Content/EngineDebugMaterials/DebugMeshMaterial.uasset" 156
"../../../Engine/Content/EngineDebugMaterials/DebugMeshMaterial.uexp" 157
"../../../Engine/Content/EngineDebugMaterials/M_SimpleUnlitTranslucent.uasset" 158
"../../../Engine/Content/EngineDebugMaterials/M_SimpleUnlitTranslucent.uexp" 159
"../../../Engine/Content/EngineDebugMaterials/VolumeToRender.uasset" 160
"../../../Engine/Content/EngineDebugMaterials/VolumeToRender.uexp" 161
"../../../Engine/Content/Functions/Engine_MaterialFunctions02/Utility/CameraDirectionVector.uasset" 162
"../../../Engine/Content/Functions/Engine_MaterialFunctions02/Utility/CameraDirectionVector.uexp" 163
"../../../Engine/Content/EngineDebugMaterials/M_VolumeRenderSphereTracePP.uasset" 164
"../../../Engine/Content/EngineDebugMaterials/M_VolumeRenderSphereTracePP.uexp" 165
"../../../Engine/Content/Functions/Engine_MaterialFunctions01/Shading/ConvertFromDiffSpec.uasset" 166
"../../../Engine/Content/Functions/Engine_MaterialFunctions01/Shading/ConvertFromDiffSpec.uexp" 167
"../../../Engine/Content/EngineDebugMaterials/VertexColorMaterial.uasset" 168
"../../../Engine/Content/EngineDebugMaterials/VertexColorMaterial.uexp" 169
"../../../Engine/Content/EngineDebugMaterials/WireframeMaterial.uasset" 170
"../../../Engine/Content/EngineDebugMaterials/WireframeMaterial.uexp" 171
"../../../Engine/Content/EngineFonts/Faces/RobotoRegular.uasset" 172
"../../../Engine/Content/EngineFonts/Faces/RobotoRegular.uexp" 173
"../../../Engine/Content/EngineFonts/Faces/RobotoRegular.ufont" 174
"../../../Engine/Content/EngineFonts/Faces/RobotoLight.uasset" 175
"../../../Engine/Content/EngineFonts/Faces/RobotoLight.uexp" 176
"../../../Engine/Content/EngineFonts/Faces/RobotoLight.ufont" 177
"../../../Engine/Content/EngineFonts/Faces/RobotoItalic.uasset" 178
"../../../Engine/Content/EngineFonts/Faces/RobotoItalic.uexp" 179
"../../../Engine/Content/EngineFonts/Faces/RobotoItalic.ufont" 180
"../../../Engine/Content/EngineFonts/Faces/RobotoBoldItalic.uasset" 181
"../../../Engine/Content/EngineFonts/Faces/RobotoBoldItalic.uexp" 182
"../../../Engine/Content/EngineFonts/Faces/RobotoBoldItalic.ufont" 183
"../../../Engine/Content/EngineFonts/Faces/RobotoBold.uasset" 184
"../../../Engine/Content/EngineFonts/Faces/RobotoBold.uexp" 185
"../../../Engine/Content/EngineFonts/Faces/RobotoBold.ufont" 186
"../../../Engine/Content/EngineFonts/Faces/DroidSansFallback.uasset" 187
"../../../Engine/Content/EngineFonts/Faces/DroidSansFallback.uexp" 188
"../../../Engine/Content/EngineFonts/Faces/DroidSansFallback.ufont" 189
"../../../Engine/Content/EngineFonts/Roboto.uasset" 190
"../../../Engine/Content/EngineFonts/Roboto.uexp" 191
"../../../Engine/Content/EngineMaterials/BaseFlattenNormalMap.uasset" 192
"../../../Engine/Content/EngineMaterials/BaseFlattenNormalMap.uexp" 193
"../../../Engine/Content/EngineMaterials/BaseFlattenGrayscaleMap.uasset" 194
"../../../Engine/Content/EngineMaterials/BaseFlattenGrayscaleMap.uexp" 195
"../../../Engine/Content/EngineMaterials/BaseFlattenEmissiveMap.uasset" 196
"../../../Engine/Content/EngineMaterials/BaseFlattenEmissiveMap.uexp" 197
"../../../Engine/Content/EngineMaterials/BaseFlattenDiffuseMap.uasset" 198
"../../../Engine/Content/EngineMaterials/BaseFlattenDiffuseMap.uexp" 199
"../../../Engine/Content/EngineMaterials/BaseFlattenMaterial.uasset" 200
"../../../Engine/Content/EngineMaterials/BaseFlattenMaterial.uexp" 201
"../../../Engine/Content/EngineMaterials/BlueNoise.uasset" 202
"../../../Engine/Content/EngineMaterials/BlueNoise.uexp" 203
"../../../Engine/Content/EngineMaterials/DefaultBloomKernel.uasset" 204
"../../../Engine/Content/EngineMaterials/DefaultBloomKernel.uexp" 205
"../../../Engine/Content/EngineMaterials/DefaultBokeh.uasset" 206
"../../../Engine/Content/EngineMaterials/DefaultBokeh.uexp" 207
"../../../Engine/Content/EngineMaterials/DefaultDiffuse.uasset" 208
"../../../Engine/Content/EngineMaterials/DefaultDiffuse.uexp" 209
"../../../Engine/Content/EngineMaterials/DefaultDiffuse.ubulk" 210
"../../../Engine/Content/EngineMaterials/DefaultDeferredDecalMaterial.uasset" 211
"../../../Engine/Content/EngineMaterials/DefaultDeferredDecalMaterial.uexp" 212
"../../../Engine/Content/EngineMaterials/DefaultLightFunctionMaterial.uasset" 213
"../../../Engine/Content/EngineMaterials/DefaultLightFunctionMaterial.uexp" 214
"../../../Engine/Content/EngineMaterials/DefaultPhysicalMaterial.uasset" 215
"../../../Engine/Content/EngineMaterials/DefaultPhysicalMaterial.uexp" 216
"../../../Engine/Content/Functions/Engine_MaterialFunctions02/Utility/BreakOutFloat2Components.uasset" 217
"../../../Engine/Content/Functions/Engine_MaterialFunctions02/Utility/BreakOutFloat2Components.uexp" 218
"../../../Engine/Content/EngineMaterials/DefaultPostProcessMaterial.uasset" 219
"../../../Engine/Content/EngineMaterials/DefaultPostProcessMaterial.uexp" 220
"../../../Engine/Content/EngineFonts/RobotoDistanceField.uasset" 221
"../../../Engine/Content/EngineFonts/RobotoDistanceField.uexp" 222
"../../../Engine/Content/EngineMaterials/DefaultTextMaterialOpaque.uasset" 223
"../../../Engine/Content/EngineMaterials/DefaultTextMaterialOpaque.uexp" 224
"../../../Engine/Content/EngineMaterials/DefaultWhiteGrid.uasset" 225
"../../../Engine/Content/EngineMaterials/DefaultWhiteGrid.uexp" 226
"../../../Engine/Content/EngineMaterials/DefaultWhiteGrid.ubulk" 227
"../../../Engine/Content/EngineMaterials/DefaultWhiteGrid_Low.uasset" 228
"../../../Engine/Content/EngineMaterials/DefaultWhiteGrid_Low.uexp" 229
"../../../Engine/Content/EngineMaterials/EmissiveMeshMaterial.uasset" 230
"../../../Engine/Content/EngineMaterials/EmissiveMeshMaterial.uexp" 231
"../../../Engine/Content/EngineMaterials/GizmoMaterial.uasset" 232
"../../../Engine/Content/EngineMaterials/GizmoMaterial.uexp" 233
"../../../Engine/Content/EngineMaterials/Good64x64TilingNoiseHighFreq.uasset" 234
"../../../Engine/Content/EngineMaterials/Good64x64TilingNoiseHighFreq.uexp" 235
"../../../Engine/Content/EngineMaterials/MiniFont.uasset" 236
"../../../Engine/Content/EngineMaterials/MiniFont.uexp" 237
"../../../Engine/Content/EngineMaterials/InvalidLightmapSettings.uasset" 238
"../../../Engine/Content/EngineMaterials/InvalidLightmapSettings.uexp" 239
"../../../Engine/Content/EngineMaterials/InvalidLightmapSettings.ubulk" 240
"../../../Engine/Content/EngineMaterials/M_InvalidLightmapSettings.uasset" 241
"../../../Engine/Content/EngineMaterials/M_InvalidLightmapSettings.uexp" 242
"../../../Engine/Content/Functions/Engine_MaterialFunctions02/WorldPositionOffset/CameraOffset.uasset" 243
"../../../Engine/Content/Functions/Engine_MaterialFunctions02/WorldPositionOffset/CameraOffset.uexp" 244
"../../../Engine/Content/EngineMaterials/PhAT_JointLimitMaterial.uasset" 245
"../../../Engine/Content/EngineMaterials/PhAT_JointLimitMaterial.uexp" 246
"../../../Engine/Content/EngineMaterials/DefaultCalibrationColor.uasset" 247
"../../../Engine/Content/EngineMaterials/DefaultCalibrationColor.uexp" 248
"../../../Engine/Content/EngineMaterials/PPM_DefaultCalibrationColor.uasset" 249
"../../../Engine/Content/EngineMaterials/PPM_DefaultCalibrationColor.uexp" 250
"../../../Engine/Content/EngineMaterials/DefaultCalibrationGrayscale.uasset" 251
"../../../Engine/Content/EngineMaterials/DefaultCalibrationGrayscale.uexp" 252
"../../../Engine/Content/EngineMaterials/PPM_DefaultCalibrationGrayscale.uasset" 253
"../../../Engine/Content/EngineMaterials/PPM_DefaultCalibrationGrayscale.uexp" 254
"../../../Engine/Content/EngineMaterials/PreintegratedSkinBRDF.uasset" 255
"../../../Engine/Content/EngineMaterials/PreintegratedSkinBRDF.uexp" 256
"../../../Engine/Content/EngineMaterials/RemoveSurfaceMaterial.uasset" 257
"../../../Engine/Content/EngineMaterials/RemoveSurfaceMaterial.uexp" 258
"../../../Engine/Content/EngineMaterials/WeightMapPlaceholderTexture.uasset" 259
"../../../Engine/Content/EngineMaterials/WeightMapPlaceholderTexture.uexp" 260
"../../../Engine/Content/EngineResources/WhiteSquareTexture.uasset" 261
"../../../Engine/Content/EngineResources/WhiteSquareTexture.uexp" 262
"../../../Engine/Content/EngineMaterials/Widget3DPassThrough.uasset" 263
"../../../Engine/Content/EngineMaterials/Widget3DPassThrough.uexp" 264
"../../../Engine/Content/EngineMaterials/Widget3DPassThrough_Masked.uasset" 265
"../../../Engine/Content/EngineMaterials/Widget3DPassThrough_Masked.uexp" 266
"../../../Engine/Content/EngineMaterials/Widget3DPassThrough_Opaque.uasset" 267
"../../../Engine/Content/EngineMaterials/Widget3DPassThrough_Opaque.uexp" 268
"../../../Engine/Content/EngineMaterials/Widget3DPassThrough_Masked_OneSided.uasset" 269
"../../../Engine/Content/EngineMaterials/Widget3DPassThrough_Masked_OneSided.uexp" 270
"../../../Engine/Content/EngineMaterials/Widget3DPassThrough_Opaque_OneSided.uasset" 271
"../../../Engine/Content/EngineMaterials/Widget3DPassThrough_Opaque_OneSided.uexp" 272
"../../../Engine/Content/EngineMaterials/Widget3DPassThrough_Translucent.uasset" 273
"../../../Engine/Content/EngineMaterials/Widget3DPassThrough_Translucent.uexp" 274
"../../../Engine/Content/EngineMaterials/Widget3DPassThrough_Translucent_OneSided.uasset" 275
"../../../Engine/Content/EngineMaterials/Widget3DPassThrough_Translucent_OneSided.uexp" 276
"../../../Engine/Content/EngineMeshes/Cylinder.uasset" 277
"../../../Engine/Content/EngineMeshes/Cylinder.uexp" 278
"../../../Engine/Content/EngineMeshes/Sphere.uasset" 279
"../../../Engine/Content/EngineMeshes/Sphere.uexp" 280
"../../../Engine/Content/EngineResources/DefaultTexture.uasset" 281
"../../../Engine/Content/EngineResources/DefaultTexture.uexp" 282
"../../../Engine/Content/EngineResources/DefaultTexture.ubulk" 283
"../../../Engine/Content/EngineResources/DefaultTextureCube.uasset" 284
"../../../Engine/Content/EngineResources/DefaultTextureCube.uexp" 285
"../../../Engine/Content/EngineResources/DefaultVolumeTexture2D.uasset" 286
"../../../Engine/Content/EngineResources/DefaultVolumeTexture2D.uexp" 287
"../../../Engine/Content/EngineResources/DefaultVolumeTexture.uasset" 288
"../../../Engine/Content/EngineResources/DefaultVolumeTexture.uexp" 289
"../../../Engine/Content/EngineResources/GradientTexture0.uasset" 290
"../../../Engine/Content/EngineResources/GradientTexture0.uexp" 291
"../../../Engine/Content/EngineSky/VolumetricClouds/T_NoiseShape64.uasset" 292
"../../../Engine/Content/EngineSky/VolumetricClouds/T_NoiseShape64.uexp" 293
"../../../Engine/Content/EngineSky/VolumetricClouds/T_NoiseShape64.ubulk" 294
"../../../Engine/Content/EngineSky/VolumetricClouds/T_VolumeNoiseShape64.uasset" 295
"../../../Engine/Content/EngineSky/VolumetricClouds/T_VolumeNoiseShape64.uexp" 296
"../../../Engine/Content/EngineSky/VolumetricClouds/T_NoiseErosion.uasset" 297
"../../../Engine/Content/EngineSky/VolumetricClouds/T_NoiseErosion.uexp" 298
"../../../Engine/Content/EngineSky/VolumetricClouds/T_NoiseErosion.ubulk" 299
"../../../Engine/Content/EngineSky/VolumetricClouds/T_VolumeNoiseErosion32.uasset" 300
"../../../Engine/Content/EngineSky/VolumetricClouds/T_VolumeNoiseErosion32.uexp" 301
"../../../Engine/Content/EngineSky/VolumetricClouds/CloudWeatherTexture.uasset" 302
"../../../Engine/Content/EngineSky/VolumetricClouds/CloudWeatherTexture.uexp" 303
"../../../Engine/Content/EngineSky/VolumetricClouds/CloudGradientTexture.uasset" 304
"../../../Engine/Content/EngineSky/VolumetricClouds/CloudGradientTexture.uexp" 305
"../../../Engine/Content/Functions/Engine_MaterialFunctions02/Utility/MakeFloat2.uasset" 306
"../../../Engine/Content/Functions/Engine_MaterialFunctions02/Utility/MakeFloat2.uexp" 307
"../../../Engine/Content/EngineSky/VolumetricClouds/m_SimpleVolumetricCloud.uasset" 308
"../../../Engine/Content/EngineSky/VolumetricClouds/m_SimpleVolumetricCloud.uexp" 309
"../../../Engine/Content/EngineSky/VolumetricClouds/m_SimpleVolumetricCloud_Inst.uasset" 310
"../../../Engine/Content/EngineSky/VolumetricClouds/m_SimpleVolumetricCloud_Inst.uexp" 311
"../../../Engine/Content/EngineSounds/Master.uasset" 312
"../../../Engine/Content/EngineSounds/Master.uexp" 313
"../../../Engine/Content/Functions/Engine_MaterialFunctions01/Shading/PowerToRoughness.uasset" 314
"../../../Engine/Content/Functions/Engine_MaterialFunctions01/Shading/PowerToRoughness.uexp" 315
"../../../Engine/Content/Maps/Templates/Thumbnails/Default.uasset" 316
"../../../Engine/Content/Maps/Templates/Thumbnails/Default.uexp" 317
"../../../Engine/Content/Maps/Templates/Thumbnails/TimeOfDay.uasset" 318
"../../../Engine/Content/Maps/Templates/Thumbnails/TimeOfDay.uexp" 319
"../../../Engine/Content/Maps/Templates/Thumbnails/VR-Basic.uasset" 320
"../../../Engine/Content/Maps/Templates/Thumbnails/VR-Basic.uexp" 321
"../../../Engine/Content/MobileResources/T_MobileControls_texture.uasset" 322
"../../../Engine/Content/MobileResources/T_MobileControls_texture.uexp" 323
"../../../Engine/Content/MobileResources/T_MobileMenu2.uasset" 324
"../../../Engine/Content/MobileResources/T_MobileMenu2.uexp" 325
"../../../Engine/Content/MobileResources/HUD/AnalogHat.uasset" 326
"../../../Engine/Content/MobileResources/HUD/AnalogHat.uexp" 327
"../../../Engine/Content/MobileResources/HUD/VirtualJoystick_Thumb.uasset" 328
"../../../Engine/Content/MobileResources/HUD/VirtualJoystick_Thumb.uexp" 329
"../../../Engine/Content/MobileResources/HUD/VirtualJoystick_Background.uasset" 330
"../../../Engine/Content/MobileResources/HUD/VirtualJoystick_Background.uexp" 331
"../../../Engine/Content/MobileResources/HUD/DefaultVirtualJoysticks.uasset" 332
"../../../Engine/Content/MobileResources/HUD/DefaultVirtualJoysticks.uexp" 333
"../../../Engine/Content/MobileResources/HUD/LeftVirtualJoystickOnly.uasset" 334
"../../../Engine/Content/MobileResources/HUD/LeftVirtualJoystickOnly.uexp" 335
"../../../Engine/Content/MobileResources/HUD/MobileHUDButton1_off.uasset" 336
"../../../Engine/Content/MobileResources/HUD/MobileHUDButton1_off.uexp" 337
"../../../Engine/Content/MobileResources/HUD/MobileHUDButton1_on.uasset" 338
"../../../Engine/Content/MobileResources/HUD/MobileHUDButton1_on.uexp" 339
"../../../Engine/Content/MobileResources/HUD/MobileHUDButton2_off.uasset" 340
"../../../Engine/Content/MobileResources/HUD/MobileHUDButton2_off.uexp" 341
"../../../Engine/Content/MobileResources/HUD/MobileHUDButton2_on.uasset" 342
"../../../Engine/Content/MobileResources/HUD/MobileHUDButton2_on.uexp" 343
"../../../Engine/Content/MobileResources/HUD/MobileHUDButton3.uasset" 344
"../../../Engine/Content/MobileResources/HUD/MobileHUDButton3.uexp" 345
"../../../Engine/Content/MobileResources/HUD/MobileHUDButtonFire.uasset" 346
"../../../Engine/Content/MobileResources/HUD/MobileHUDButtonFire.uexp" 347
"../../../Engine/Content/MobileResources/HUD/MobileHUDDirectionPad.uasset" 348
"../../../Engine/Content/MobileResources/HUD/MobileHUDDirectionPad.uexp" 349
"../../../Engine/Content/MobileResources/HUD/MobileHUDDirectionPad2.uasset" 350
"../../../Engine/Content/MobileResources/HUD/MobileHUDDirectionPad2.uexp" 351
"../../../Engine/Content/MobileResources/HUD/MobileHUDDirectionPad3.uasset" 352
"../../../Engine/Content/MobileResources/HUD/MobileHUDDirectionPad3.uexp" 353
"../../../Engine/Content/MobileResources/HUD/MobileHUDDirectionStick.uasset" 354
"../../../Engine/Content/MobileResources/HUD/MobileHUDDirectionStick.uexp" 355
"../../../Engine/Content/MobileResources/HUD/T_Castle_ThumbstickInner.uasset" 356
"../../../Engine/Content/MobileResources/HUD/T_Castle_ThumbstickInner.uexp" 357
"../../../Engine/Content/MobileResources/HUD/T_Castle_ThumbstickOutter.uasset" 358
"../../../Engine/Content/MobileResources/HUD/T_Castle_ThumbstickOutter.uexp" 359
"../../../Engine/Content/Tutorial/ContentIntroCurve.uasset" 360
"../../../Engine/Content/Tutorial/ContentIntroCurve.uexp" 361
"../../../Engine/Content/Tutorial/Basics/TutorialAssets/icon_tab_Levels_40x.uasset" 362
"../../../Engine/Content/Tutorial/Basics/TutorialAssets/icon_tab_Levels_40x.uexp" 363
"../../../Engine/Content/Tutorial/BlueprintTutorials/TutorialAssets/Blueprint_64x.uasset" 364
"../../../Engine/Content/Tutorial/BlueprintTutorials/TutorialAssets/Blueprint_64x.uexp" 365
"../../../Engine/Content/VREditor/TransformGizmo/TranslucentTransformGizmoMaterial.uasset" 366
"../../../Engine/Content/VREditor/TransformGizmo/TranslucentTransformGizmoMaterial.uexp" 367
"../../../Engine/Content/VREditor/LaserPointer/VR_LaserPower_01.uasset" 368
"../../../Engine/Content/VREditor/LaserPointer/VR_LaserPower_01.uexp" 369
"../../../Engine/Content/VREditor/LaserPointer/VR_LaserPower_01.ubulk" 370
"../../../Engine/Content/VREditor/TransformGizmo/TransformGizmoMaterial.uasset" 371
"../../../Engine/Content/VREditor/TransformGizmo/TransformGizmoMaterial.uexp" 372
"../../../Engine/Content/VREditor/TransformGizmo/BoundingBoxCorner.uasset" 373
"../../../Engine/Content/VREditor/TransformGizmo/BoundingBoxCorner.uexp" 374
"../../../Engine/Content/VREditor/TransformGizmo/BoundingBoxEdge.uasset" 375
"../../../Engine/Content/VREditor/TransformGizmo/BoundingBoxEdge.uexp" 376
"../../../Engine/Content/VREditor/TransformGizmo/PlaneTranslationHandle.uasset" 377
"../../../Engine/Content/VREditor/TransformGizmo/PlaneTranslationHandle.uexp" 378
"../../../Engine/Content/VREditor/TransformGizmo/Xray.uasset" 379
"../../../Engine/Content/VREditor/TransformGizmo/Xray.uexp" 380
"../../../Engine/Content/VREditor/TransformGizmo/Main.uasset" 381
"../../../Engine/Content/VREditor/TransformGizmo/Main.uexp" 382
"../../../Engine/Content/VREditor/TransformGizmo/SM_Sequencer_Key.uasset" 383
"../../../Engine/Content/VREditor/TransformGizmo/SM_Sequencer_Key.uexp" 384
"../../../Engine/Content/VREditor/TransformGizmo/SM_Sequencer_Node.uasset" 385
"../../../Engine/Content/VREditor/TransformGizmo/SM_Sequencer_Node.uexp" 386
"../../../Engine/Plugins/2D/Paper2D/Content/PlaceholderTextures/DummySpriteTexture.uasset" 387
"../../../Engine/Plugins/2D/Paper2D/Content/PlaceholderTextures/DummySpriteTexture.uexp" 388
"../../../Engine/Plugins/2D/Paper2D/Content/PlaceholderTextures/DummySpriteTexture.ubulk" 389
"../../../Engine/Plugins/2D/Paper2D/Content/DummySprite.uasset" 390
"../../../Engine/Plugins/2D/Paper2D/Content/DummySprite.uexp" 391
"../../../Engine/Plugins/2D/Paper2D/Content/DefaultPaperTerrainMaterial.uasset" 392
"../../../Engine/Plugins/2D/Paper2D/Content/DefaultPaperTerrainMaterial.uexp" 393
"../../../Engine/Plugins/2D/Paper2D/Content/DefaultSpriteMaterial.uasset" 394
"../../../Engine/Plugins/2D/Paper2D/Content/DefaultSpriteMaterial.uexp" 395
"../../../Engine/Plugins/2D/Paper2D/Content/MaskedUnlitSpriteMaterial.uasset" 396
"../../../Engine/Plugins/2D/Paper2D/Content/MaskedUnlitSpriteMaterial.uexp" 397
"../../../Engine/Plugins/2D/Paper2D/Content/OpaqueUnlitSpriteMaterial.uasset" 398
"../../../Engine/Plugins/2D/Paper2D/Content/OpaqueUnlitSpriteMaterial.uexp" 399
"../../../Engine/Content/Functions/Engine_MaterialFunctions02/Utility/BreakOutFloat3Components.uasset" 400
"../../../Engine/Content/Functions/Engine_MaterialFunctions02/Utility/BreakOutFloat3Components.uexp" 401
"../../../Engine/Plugins/Editor/SpeedTreeImporter/Content/SpeedTree9/UnpackInteger3.uasset" 402
"../../../Engine/Plugins/Editor/SpeedTreeImporter/Content/SpeedTree9/UnpackInteger3.uexp" 403
"../../../Engine/Plugins/Editor/SpeedTreeImporter/Content/SpeedTree9/UnpackDirection.uasset" 404
"../../../Engine/Plugins/Editor/SpeedTreeImporter/Content/SpeedTree9/UnpackDirection.uexp" 405
"../../../Engine/Plugins/Editor/SpeedTreeImporter/Content/SpeedTree9/game_wind_noise.uasset" 406
"../../../Engine/Plugins/Editor/SpeedTreeImporter/Content/SpeedTree9/game_wind_noise.uexp" 407
"../../../Engine/Plugins/Editor/SpeedTreeImporter/Content/SpeedTree9/game_wind_noise.ubulk" 408
"../../../Engine/Content/Functions/Engine_MaterialFunctions02/SafeNormalize.uasset" 409
"../../../Engine/Content/Functions/Engine_MaterialFunctions02/SafeNormalize.uexp" 410
"../../../Engine/Plugins/Editor/SpeedTreeImporter/Content/SpeedTree9/SpeedTreeWindMotion.uasset" 411
"../../../Engine/Plugins/Editor/SpeedTreeImporter/Content/SpeedTree9/SpeedTreeWindMotion.uexp" 412
"../../../Engine/Plugins/Editor/SpeedTreeImporter/Content/SpeedTree9/SpeedTreeBranchMotion.uasset" 413
"../../../Engine/Plugins/Editor/SpeedTreeImporter/Content/SpeedTree9/SpeedTreeBranchMotion.uexp" 414
"../../../Engine/Content/Functions/Engine_MaterialFunctions02/ObjectLocalBounds.uasset" 415
"../../../Engine/Content/Functions/Engine_MaterialFunctions02/ObjectLocalBounds.uexp" 416
"../../../Engine/Content/Functions/Engine_MaterialFunctions02/UVs/BoundingBoxBased_0-1_UVW.uasset" 417
"../../../Engine/Content/Functions/Engine_MaterialFunctions02/UVs/BoundingBoxBased_0-1_UVW.uexp" 418
"../../../Engine/Content/Functions/Engine_MaterialFunctions02/Utility/VectorLength.uasset" 419
"../../../Engine/Content/Functions/Engine_MaterialFunctions02/Utility/VectorLength.uexp" 420
"../../../Engine/Content/Functions/Engine_MaterialFunctions02/WorldPositionOffset/ObjectScale.uasset" 421
"../../../Engine/Content/Functions/Engine_MaterialFunctions02/WorldPositionOffset/ObjectScale.uexp" 422
"../../../Engine/Plugins/Editor/SpeedTreeImporter/Content/SpeedTree9/SpeedTreeWind.uasset" 423
"../../../Engine/Plugins/Editor/SpeedTreeImporter/Content/SpeedTree9/SpeedTreeWind.uexp" 424
"../../../Engine/Plugins/Editor/SpeedTreeImporter/Content/SpeedTree9/SpeedTreeBillboard.uasset" 425
"../../../Engine/Plugins/Editor/SpeedTreeImporter/Content/SpeedTree9/SpeedTreeBillboard.uexp" 426
"../../../Engine/Plugins/Editor/SpeedTreeImporter/Content/SpeedTree9/EmptyNormal.uasset" 427
"../../../Engine/Plugins/Editor/SpeedTreeImporter/Content/SpeedTree9/EmptyNormal.uexp" 428
"../../../Engine/Plugins/Editor/SpeedTreeImporter/Content/SpeedTree9/Empty.uasset" 429
"../../../Engine/Plugins/Editor/SpeedTreeImporter/Content/SpeedTree9/Empty.uexp" 430
"../../../Engine/Plugins/Editor/SpeedTreeImporter/Content/SpeedTree9/SpeedTreeBillboardMaster.uasset" 431
"../../../Engine/Plugins/Editor/SpeedTreeImporter/Content/SpeedTree9/SpeedTreeBillboardMaster.uexp" 432
"../../../Engine/Plugins/Editor/SpeedTreeImporter/Content/SpeedTree9/SpeedTreeCameraFacing.uasset" 433
"../../../Engine/Plugins/Editor/SpeedTreeImporter/Content/SpeedTree9/SpeedTreeCameraFacing.uexp" 434
"../../../Engine/Plugins/Editor/SpeedTreeImporter/Content/SpeedTree9/SpeedTreeMaster.uasset" 435
"../../../Engine/Plugins/Editor/SpeedTreeImporter/Content/SpeedTree9/SpeedTreeMaster.uexp" 436
"../../../Engine/Content/BasicShapes/Cylinder.uasset" 437
"../../../Engine/Content/BasicShapes/Cylinder.uexp" 438
"../../../Engine/Content/ArtTools/RenderToTexture/Materials/Debug/M_Emissive_Color.uasset" 439
"../../../Engine/Content/ArtTools/RenderToTexture/Materials/Debug/M_Emissive_Color.uexp" 440
"../../../Engine/Plugins/Lumin/MagicLeapPassableWorld/Content/MagicLeapARPinInfoActor.uasset" 441
"../../../Engine/Plugins/Lumin/MagicLeapPassableWorld/Content/MagicLeapARPinInfoActor.uexp" 442
"../../../Engine/Plugins/Runtime/OpenXR/Content/Devices/GoogleDaydream/BaseTexture.uasset" 443
"../../../Engine/Plugins/Runtime/OpenXR/Content/Devices/GoogleDaydream/BaseTexture.uexp" 444
"../../../Engine/Plugins/Runtime/OpenXR/Content/Devices/GoogleDaydream/BaseTexture.ubulk" 445
"../../../Engine/Content/EngineResources/Black.uasset" 446
"../../../Engine/Content/EngineResources/Black.uexp" 447
"../../../Engine/Plugins/Runtime/OpenXR/Content/Devices/M_XRController.uasset" 448
"../../../Engine/Plugins/Runtime/OpenXR/Content/Devices/M_XRController.uexp" 449
"../../../Engine/Plugins/Runtime/OpenXR/Content/Devices/GoogleDaydream/MRTexture.uasset" 450
"../../../Engine/Plugins/Runtime/OpenXR/Content/Devices/GoogleDaydream/MRTexture.uexp" 451
"../../../Engine/Plugins/Runtime/OpenXR/Content/Devices/GoogleDaydream/MRTexture.ubulk" 452
"../../../Engine/Plugins/Runtime/OpenXR/Content/Devices/GoogleDaydream/MI_GoogleDaydream.uasset" 453
"../../../Engine/Plugins/Runtime/OpenXR/Content/Devices/GoogleDaydream/MI_GoogleDaydream.uexp" 454
"../../../Engine/Plugins/Runtime/OpenXR/Content/Devices/GoogleDaydream/GoogleDaydreamController.uasset" 455
"../../../Engine/Plugins/Runtime/OpenXR/Content/Devices/GoogleDaydream/GoogleDaydreamController.uexp" 456
"../../../Engine/Plugins/Runtime/OpenXR/Content/Devices/HTCVive/BaseTexture.uasset" 457
"../../../Engine/Plugins/Runtime/OpenXR/Content/Devices/HTCVive/BaseTexture.uexp" 458
"../../../Engine/Plugins/Runtime/OpenXR/Content/Devices/HTCVive/BaseTexture.ubulk" 459
"../../../Engine/Plugins/Runtime/OpenXR/Content/Devices/HTCVive/MI_HTCVive.uasset" 460
"../../../Engine/Plugins/Runtime/OpenXR/Content/Devices/HTCVive/MI_HTCVive.uexp" 461
"../../../Engine/Plugins/Runtime/OpenXR/Content/Devices/HTCVive/HTCViveController.uasset" 462
"../../../Engine/Plugins/Runtime/OpenXR/Content/Devices/HTCVive/HTCViveController.uexp" 463
"../../../Engine/Plugins/Runtime/OpenXR/Content/Devices/MicrosoftMixedReality/NormalTexture.uasset" 464
"../../../Engine/Plugins/Runtime/OpenXR/Content/Devices/MicrosoftMixedReality/NormalTexture.uexp" 465
"../../../Engine/Plugins/Runtime/OpenXR/Content/Devices/MicrosoftMixedReality/NormalTexture.ubulk" 466
"../../../Engine/Plugins/Runtime/OpenXR/Content/Devices/MicrosoftMixedReality/MRTexture.uasset" 467
"../../../Engine/Plugins/Runtime/OpenXR/Content/Devices/MicrosoftMixedReality/MRTexture.uexp" 468
"../../../Engine/Plugins/Runtime/OpenXR/Content/Devices/MicrosoftMixedReality/MRTexture.ubulk" 469
"../../../Engine/Plugins/Runtime/OpenXR/Content/Devices/MicrosoftMixedReality/EmissiveTexture.uasset" 470
"../../../Engine/Plugins/Runtime/OpenXR/Content/Devices/MicrosoftMixedReality/EmissiveTexture.uexp" 471
"../../../Engine/Plugins/Runtime/OpenXR/Content/Devices/MicrosoftMixedReality/EmissiveTexture.ubulk" 472
"../../../Engine/Plugins/Runtime/OpenXR/Content/Devices/MicrosoftMixedReality/BaseTexture.uasset" 473
"../../../Engine/Plugins/Runtime/OpenXR/Content/Devices/MicrosoftMixedReality/BaseTexture.uexp" 474
"../../../Engine/Plugins/Runtime/OpenXR/Content/Devices/MicrosoftMixedReality/BaseTexture.ubulk" 475
"../../../Engine/Plugins/Runtime/OpenXR/Content/Devices/MicrosoftMixedReality/MI_MicrosoftMixedReality.uasset" 476
"../../../Engine/Plugins/Runtime/OpenXR/Content/Devices/MicrosoftMixedReality/MI_MicrosoftMixedReality.uexp" 477
"../../../Engine/Plugins/Runtime/OpenXR/Content/Devices/MicrosoftMixedReality/Left/left_MicrosoftMixedRealityController.uasset" 478
"../../../Engine/Plugins/Runtime/OpenXR/Content/Devices/MicrosoftMixedReality/Left/left_MicrosoftMixedRealityController.uexp" 479
"../../../Engine/Plugins/Runtime/OpenXR/Content/Devices/MicrosoftMixedReality/Right/right_MicrosoftMixedRealityController.uasset" 480
"../../../Engine/Plugins/Runtime/OpenXR/Content/Devices/MicrosoftMixedReality/Right/right_MicrosoftMixedRealityController.uexp" 481
"../../../Engine/Plugins/Runtime/OpenXR/Content/Devices/OculusGo/BaseTexture.uasset" 482
"../../../Engine/Plugins/Runtime/OpenXR/Content/Devices/OculusGo/BaseTexture.uexp" 483
"../../../Engine/Plugins/Runtime/OpenXR/Content/Devices/OculusGo/BaseTexture.ubulk" 484
"../../../Engine/Plugins/Runtime/OpenXR/Content/Devices/OculusGo/MI_OculusGo.uasset" 485
"../../../Engine/Plugins/Runtime/OpenXR/Content/Devices/OculusGo/MI_OculusGo.uexp" 486
"../../../Engine/Plugins/Runtime/OpenXR/Content/Devices/OculusGo/OculusGoController.uasset" 487
"../../../Engine/Plugins/Runtime/OpenXR/Content/Devices/OculusGo/OculusGoController.uexp" 488
"../../../Engine/Plugins/Runtime/OpenXR/Content/Devices/OculusTouch/MRTexture.uasset" 489
"../../../Engine/Plugins/Runtime/OpenXR/Content/Devices/OculusTouch/MRTexture.uexp" 490
"../../../Engine/Plugins/Runtime/OpenXR/Content/Devices/OculusTouch/MRTexture.ubulk" 491
"../../../Engine/Plugins/Runtime/OpenXR/Content/Devices/OculusTouch/BaseTexture.uasset" 492
"../../../Engine/Plugins/Runtime/OpenXR/Content/Devices/OculusTouch/BaseTexture.uexp" 493
"../../../Engine/Plugins/Runtime/OpenXR/Content/Devices/OculusTouch/BaseTexture.ubulk" 494
"../../../Engine/Plugins/Runtime/OpenXR/Content/Devices/OculusTouch/MI_OculusTouch.uasset" 495
"../../../Engine/Plugins/Runtime/OpenXR/Content/Devices/OculusTouch/MI_OculusTouch.uexp" 496
"../../../Engine/Plugins/Runtime/OpenXR/Content/Devices/OculusTouch/Left/left_OculusTouchController.uasset" 497
"../../../Engine/Plugins/Runtime/OpenXR/Content/Devices/OculusTouch/Left/left_OculusTouchController.uexp" 498
"../../../Engine/Plugins/Runtime/OpenXR/Content/Devices/OculusTouch/Right/right_OculusTouchController.uasset" 499
"../../../Engine/Plugins/Runtime/OpenXR/Content/Devices/OculusTouch/Right/right_OculusTouchController.uexp" 500
"../../../Engine/Plugins/Runtime/OpenXR/Content/Devices/OculusTouch_v2/MRTexture.uasset" 501
"../../../Engine/Plugins/Runtime/OpenXR/Content/Devices/OculusTouch_v2/MRTexture.uexp" 502
"../../../Engine/Plugins/Runtime/OpenXR/Content/Devices/OculusTouch_v2/MRTexture.ubulk" 503
"../../../Engine/Plugins/Runtime/OpenXR/Content/Devices/OculusTouch_v2/BaseTexture.uasset" 504
"../../../Engine/Plugins/Runtime/OpenXR/Content/Devices/OculusTouch_v2/BaseTexture.uexp" 505
"../../../Engine/Plugins/Runtime/OpenXR/Content/Devices/OculusTouch_v2/BaseTexture.ubulk" 506
"../../../Engine/Plugins/Runtime/OpenXR/Content/Devices/OculusTouch_v2/MI_OculusTouch_v2.uasset" 507
"../../../Engine/Plugins/Runtime/OpenXR/Content/Devices/OculusTouch_v2/MI_OculusTouch_v2.uexp" 508
"../../../Engine/Plugins/Runtime/OpenXR/Content/Devices/OculusTouch_v2/Left/left_OculusTouch_v2Controller.uasset" 509
"../../../Engine/Plugins/Runtime/OpenXR/Content/Devices/OculusTouch_v2/Left/left_OculusTouch_v2Controller.uexp" 510
"../../../Engine/Plugins/Runtime/OpenXR/Content/Devices/OculusTouch_v2/Right/right_OculusTouch_v2Controller.uasset" 511
"../../../Engine/Plugins/Runtime/OpenXR/Content/Devices/OculusTouch_v2/Right/right_OculusTouch_v2Controller.uexp" 512
"../../../Engine/Plugins/Runtime/OpenXR/Content/Devices/OculusTouch_v3/MRTexture.uasset" 513
"../../../Engine/Plugins/Runtime/OpenXR/Content/Devices/OculusTouch_v3/MRTexture.uexp" 514
"../../../Engine/Plugins/Runtime/OpenXR/Content/Devices/OculusTouch_v3/MRTexture.ubulk" 515
"../../../Engine/Plugins/Runtime/OpenXR/Content/Devices/OculusTouch_v3/BaseTexture.uasset" 516
"../../../Engine/Plugins/Runtime/OpenXR/Content/Devices/OculusTouch_v3/BaseTexture.uexp" 517
"../../../Engine/Plugins/Runtime/OpenXR/Content/Devices/OculusTouch_v3/BaseTexture.ubulk" 518
"../../../Engine/Plugins/Runtime/OpenXR/Content/Devices/OculusTouch_v3/MI_OculusTouch_v3.uasset" 519
"../../../Engine/Plugins/Runtime/OpenXR/Content/Devices/OculusTouch_v3/MI_OculusTouch_v3.uexp" 520
"../../../Engine/Plugins/Runtime/OpenXR/Content/Devices/OculusTouch_v3/Left/left_OculusTouch_v3Controller.uasset" 521
"../../../Engine/Plugins/Runtime/OpenXR/Content/Devices/OculusTouch_v3/Left/left_OculusTouch_v3Controller.uexp" 522
"../../../Engine/Plugins/Runtime/OpenXR/Content/Devices/OculusTouch_v3/Right/right_OculusTouch_v3Controller.uasset" 523
"../../../Engine/Plugins/Runtime/OpenXR/Content/Devices/OculusTouch_v3/Right/right_OculusTouch_v3Controller.uexp" 524
"../../../Engine/Plugins/Runtime/OpenXR/Content/Devices/ValveIndex/MRTexture.uasset" 525
"../../../Engine/Plugins/Runtime/OpenXR/Content/Devices/ValveIndex/MRTexture.uexp" 526
"../../../Engine/Plugins/Runtime/OpenXR/Content/Devices/ValveIndex/MRTexture.ubulk" 527
"../../../Engine/Plugins/Runtime/OpenXR/Content/Devices/ValveIndex/BaseTexture.uasset" 528
"../../../Engine/Plugins/Runtime/OpenXR/Content/Devices/ValveIndex/BaseTexture.uexp" 529
"../../../Engine/Plugins/Runtime/OpenXR/Content/Devices/ValveIndex/BaseTexture.ubulk" 530
"../../../Engine/Plugins/Runtime/OpenXR/Content/Devices/ValveIndex/Left/MI_left_ValveIndex.uasset" 531
"../../../Engine/Plugins/Runtime/OpenXR/Content/Devices/ValveIndex/Left/MI_left_ValveIndex.uexp" 532
"../../../Engine/Plugins/Runtime/OpenXR/Content/Devices/ValveIndex/Left/left_ValveIndexController.uasset" 533
"../../../Engine/Plugins/Runtime/OpenXR/Content/Devices/ValveIndex/Left/left_ValveIndexController.uexp" 534
"../../../Engine/Plugins/Runtime/OpenXR/Content/Devices/ValveIndex/Right/MI_right_ValveIndex.uasset" 535
"../../../Engine/Plugins/Runtime/OpenXR/Content/Devices/ValveIndex/Right/MI_right_ValveIndex.uexp" 536
"../../../Engine/Plugins/Runtime/OpenXR/Content/Devices/ValveIndex/Right/right_ValveIndexController.uasset" 537
"../../../Engine/Plugins/Runtime/OpenXR/Content/Devices/ValveIndex/Right/right_ValveIndexController.uexp" 538
"../../../Engine/Content/Functions/Engine_MaterialFunctions02/Utility/BreakOutFloat4Components.uasset" 539
"../../../Engine/Content/Functions/Engine_MaterialFunctions02/Utility/BreakOutFloat4Components.uexp" 540
"../../../Engine/Content/Functions/Engine_MaterialFunctions02/Utility/MakeFloat3.uasset" 541
"../../../Engine/Content/Functions/Engine_MaterialFunctions02/Utility/MakeFloat3.uexp" 542
"../../../Engine/Plugins/Runtime/Oculus/OculusVR/Content/Materials/OculusMR_ChromaKey.uasset" 543
"../../../Engine/Plugins/Runtime/Oculus/OculusVR/Content/Materials/OculusMR_ChromaKey.uexp" 544
"../../../Engine/Plugins/Runtime/Oculus/OculusVR/Content/Materials/OculusMR_OpaqueColoredMaterial.uasset" 545
"../../../Engine/Plugins/Runtime/Oculus/OculusVR/Content/Materials/OculusMR_OpaqueColoredMaterial.uexp" 546
"../../../Engine/Plugins/Runtime/Oculus/OculusVR/Content/Materials/PokeAHoleMaterial.uasset" 547
"../../../Engine/Plugins/Runtime/Oculus/OculusVR/Content/Materials/PokeAHoleMaterial.uexp" 548
"../../../Engine/Plugins/Runtime/Oculus/OculusVR/Content/Textures/touchController_controlmap.uasset" 549
"../../../Engine/Plugins/Runtime/Oculus/OculusVR/Content/Textures/touchController_controlmap.uexp" 550
"../../../Engine/Plugins/Runtime/Oculus/OculusVR/Content/Textures/touchController_controlmap.ubulk" 551
"../../../Engine/Plugins/Runtime/Oculus/OculusVR/Content/Textures/touchController_albedo.uasset" 552
"../../../Engine/Plugins/Runtime/Oculus/OculusVR/Content/Textures/touchController_albedo.uexp" 553
"../../../Engine/Plugins/Runtime/Oculus/OculusVR/Content/Textures/touchController_albedo.ubulk" 554
"../../../Engine/Plugins/Runtime/Oculus/OculusVR/Content/Materials/touchController_mat.uasset" 555
"../../../Engine/Plugins/Runtime/Oculus/OculusVR/Content/Materials/touchController_mat.uexp" 556
"../../../Engine/Plugins/Runtime/Oculus/OculusVR/Content/Meshes/LeftTouchController.uasset" 557
"../../../Engine/Plugins/Runtime/Oculus/OculusVR/Content/Meshes/LeftTouchController.uexp" 558
"../../../Engine/Plugins/Runtime/Oculus/OculusVR/Content/Textures/TouchForQuestRiftSController_albedo.uasset" 559
"../../../Engine/Plugins/Runtime/Oculus/OculusVR/Content/Textures/TouchForQuestRiftSController_albedo.uexp" 560
"../../../Engine/Plugins/Runtime/Oculus/OculusVR/Content/Textures/TouchForQuestRiftSController_albedo.ubulk" 561
"../../../Engine/Plugins/Runtime/Oculus/OculusVR/Content/Materials/TouchForQuestRiftSControllerMaterial.uasset" 562
"../../../Engine/Plugins/Runtime/Oculus/OculusVR/Content/Materials/TouchForQuestRiftSControllerMaterial.uexp" 563
"../../../Engine/Plugins/Runtime/Oculus/OculusVR/Content/Meshes/LeftTouchForQuestRiftSController.uasset" 564
"../../../Engine/Plugins/Runtime/Oculus/OculusVR/Content/Meshes/LeftTouchForQuestRiftSController.uexp" 565
"../../../Engine/Plugins/Runtime/Oculus/OculusVR/Content/Meshes/RiftHMD.uasset" 566
"../../../Engine/Plugins/Runtime/Oculus/OculusVR/Content/Meshes/RiftHMD.uexp" 567
"../../../Engine/Plugins/Runtime/Oculus/OculusVR/Content/Meshes/RightTouchController.uasset" 568
"../../../Engine/Plugins/Runtime/Oculus/OculusVR/Content/Meshes/RightTouchController.uexp" 569
"../../../Engine/Plugins/Runtime/Oculus/OculusVR/Content/Meshes/RightTouchForQuestRiftSController.uasset" 570
"../../../Engine/Plugins/Runtime/Oculus/OculusVR/Content/Meshes/RightTouchForQuestRiftSController.uexp" 571
"C:/Users/Levi/Documents/Unreal Projects/Roguelike/Content/Character/SpriteSheets/Prototype_Character_Sprite_1.uasset" 572
"C:/Users/Levi/Documents/Unreal Projects/Roguelike/Content/Character/SpriteSheets/Prototype_Character_Sprite_1.uexp" 573
"C:/Users/Levi/Documents/Unreal Projects/Roguelike/Content/Character/SpriteSheets/Prototype_Character_Sprite_0.uasset" 574
"C:/Users/Levi/Documents/Unreal Projects/Roguelike/Content/Character/SpriteSheets/Prototype_Character_Sprite_0.uexp" 575
"C:/Users/Levi/Documents/Unreal Projects/Roguelike/Content/Character/Animations/IDLE_Anim.uasset" 576
"C:/Users/Levi/Documents/Unreal Projects/Roguelike/Content/Character/Animations/IDLE_Anim.uexp" 577
"C:/Users/Levi/Documents/Unreal Projects/Roguelike/Content/Blueprints/Character/MainPC.uasset" 578
"C:/Users/Levi/Documents/Unreal Projects/Roguelike/Content/Blueprints/Character/MainPC.uexp" 579
"C:/Users/Levi/Documents/Unreal Projects/Roguelike/Content/Blueprints/Survivors_GM.uasset" 580
"C:/Users/Levi/Documents/Unreal Projects/Roguelike/Content/Blueprints/Survivors_GM.uexp" 581
"C:/Users/Levi/Documents/Unreal Projects/Roguelike/Content/Maps/MapTiles/Grass_17-128x128.uasset" 582
"C:/Users/Levi/Documents/Unreal Projects/Roguelike/Content/Maps/MapTiles/Grass_17-128x128.uexp" 583
"C:/Users/Levi/Documents/Unreal Projects/Roguelike/Content/Maps/MapTiles/Grass_17-128x128.ubulk" 584
"C:/Users/Levi/Documents/Unreal Projects/Roguelike/Content/Maps/MapTiles/Grass_TileSet.uasset" 585
"C:/Users/Levi/Documents/Unreal Projects/Roguelike/Content/Maps/MapTiles/Grass_TileSet.uexp" 586
"C:/Users/Levi/Documents/Unreal Projects/Roguelike/Content/Maps/MapTiles/GrassTestMap.uasset" 587
"C:/Users/Levi/Documents/Unreal Projects/Roguelike/Content/Maps/MapTiles/GrassTestMap.uexp" 588
"C:/Users/Levi/Documents/Unreal Projects/Roguelike/Content/Maps/GameTestLevel.uexp" 589
"C:/Users/Levi/Documents/Unreal Projects/Roguelike/Content/Maps/GameTestLevel.umap" 590
"C:/Users/Levi/Documents/Unreal Projects/Roguelike/Content/Blueprints/Menus/PlayerInfo_S.uasset" 591
"C:/Users/Levi/Documents/Unreal Projects/Roguelike/Content/Blueprints/Menus/PlayerInfo_S.uexp" 592
"C:/Users/Levi/Documents/Unreal Projects/Roguelike/Content/Blueprints/Menus/UI_Widgets/Shop_W.uasset" 593
"C:/Users/Levi/Documents/Unreal Projects/Roguelike/Content/Blueprints/Menus/UI_Widgets/Shop_W.uexp" 594
"C:/Users/Levi/Documents/Unreal Projects/Roguelike/Content/Blueprints/Menus/UI_Widgets/Settings_W.uasset" 595
"C:/Users/Levi/Documents/Unreal Projects/Roguelike/Content/Blueprints/Menus/UI_Widgets/Settings_W.uexp" 596
"C:/Users/Levi/Documents/Unreal Projects/Roguelike/Content/Blueprints/Rogulike_GI.uasset" 597
"C:/Users/Levi/Documents/Unreal Projects/Roguelike/Content/Blueprints/Rogulike_GI.uexp" 598
"C:/Users/Levi/Documents/Unreal Projects/Roguelike/Content/Blueprints/Menus/UI_Widgets/SessionResult_W.uasset" 599
"C:/Users/Levi/Documents/Unreal Projects/Roguelike/Content/Blueprints/Menus/UI_Widgets/SessionResult_W.uexp" 600
"../../../Engine/Content/EditorBlueprintResources/StandardMacros.uasset" 601
"../../../Engine/Content/EditorBlueprintResources/StandardMacros.uexp" 602
"C:/Users/Levi/Documents/Unreal Projects/Roguelike/Content/Blueprints/Menus/UI_Widgets/JoinLobby_W.uasset" 603
"C:/Users/Levi/Documents/Unreal Projects/Roguelike/Content/Blueprints/Menus/UI_Widgets/JoinLobby_W.uexp" 604
"C:/Users/Levi/Documents/Unreal Projects/Roguelike/Content/Blueprints/Menus/UI_Widgets/PlayerInfo_W.uasset" 605
"C:/Users/Levi/Documents/Unreal Projects/Roguelike/Content/Blueprints/Menus/UI_Widgets/PlayerInfo_W.uexp" 606
"C:/Users/Levi/Documents/Unreal Projects/Roguelike/Content/Blueprints/MapData_S.uasset" 607
"C:/Users/Levi/Documents/Unreal Projects/Roguelike/Content/Blueprints/MapData_S.uexp" 608
"C:/Users/Levi/Documents/Unreal Projects/Roguelike/Content/Blueprints/MapData_DT.uasset" 609
"C:/Users/Levi/Documents/Unreal Projects/Roguelike/Content/Blueprints/MapData_DT.uexp" 610
"C:/Users/Levi/Documents/Unreal Projects/Roguelike/Content/Blueprints/Menus/UI_Widgets/HostLobby_W.uasset" 611
"C:/Users/Levi/Documents/Unreal Projects/Roguelike/Content/Blueprints/Menus/UI_Widgets/HostLobby_W.uexp" 612
"C:/Users/Levi/Documents/Unreal Projects/Roguelike/Content/Blueprints/Menus/UI_Widgets/MainMenu_W.uasset" 613
"C:/Users/Levi/Documents/Unreal Projects/Roguelike/Content/Blueprints/Menus/UI_Widgets/MainMenu_W.uexp" 614
"../../../Engine/Content/EditorBlueprintResources/ActorMacros.uasset" 615
"../../../Engine/Content/EditorBlueprintResources/ActorMacros.uexp" 616
"C:/Users/Levi/Documents/Unreal Projects/Roguelike/Content/Blueprints/Menus/Menu_PC.uasset" 617
"C:/Users/Levi/Documents/Unreal Projects/Roguelike/Content/Blueprints/Menus/Menu_PC.uexp" 618
"C:/Users/Levi/Documents/Unreal Projects/Roguelike/Content/Blueprints/Menus/MainMenu_GM.uasset" 619
"C:/Users/Levi/Documents/Unreal Projects/Roguelike/Content/Blueprints/Menus/MainMenu_GM.uexp" 620
"C:/Users/Levi/Documents/Unreal Projects/Roguelike/Content/Maps/MainMenu_BuiltData.uasset" 621
"C:/Users/Levi/Documents/Unreal Projects/Roguelike/Content/Maps/MainMenu_BuiltData.uexp" 622
"C:/Users/Levi/Documents/Unreal Projects/Roguelike/Content/Maps/MainMenu.uexp" 623
"C:/Users/Levi/Documents/Unreal Projects/Roguelike/Content/Maps/MainMenu.umap" 624
"../../../Engine/Content/Maps/Entry_BuiltData.uasset" 625
"../../../Engine/Content/Maps/Entry_BuiltData.uexp" 626
"../../../Engine/Content/Maps/Entry.uexp" 627
"../../../Engine/Content/Maps/Entry.umap" 628
